C51 COMPILER V9.02   EEPROM                                                                03/31/2018 12:10:54 PAGE 1   


C51 COMPILER V9.02, COMPILATION OF MODULE EEPROM
OBJECT MODULE PLACED IN ..\output\eeprom.obj
COMPILER INVOKED BY: F:\KEIL4\C51\BIN\C51.EXE ..\source\eeprom.c COMPACT BROWSE DEBUG OBJECTEXTEND PRINT(..\output\eepro
                    -m.lst) OBJECT(..\output\eeprom.obj)

line level    source

   1          #include "config.h"
   2          #include "i2c.h"
   3          
   4          void E2Read(u8* buf, u8 addr, u8 len)
   5          {
   6   1              do{
   7   2                      I2CStart();
   8   2                      if(I2CWrite(0x50<<1))
   9   2                      {
  10   3                              break;  
  11   3                      }       
  12   2                      I2CStop();
  13   2              }while(1);
  14   1              I2CWrite(addr);
  15   1              I2CStart();
  16   1              I2CWrite((0x50<<1) | 0x01);
  17   1              while(len > 1)
  18   1              {
  19   2                      *buf++ = I2CReadACK();
  20   2                      len--;
  21   2              }
  22   1              *buf = I2CReadNAK();
  23   1              I2CStop();
  24   1      }
  25          
  26          void E2Write(u8 *buf, u8 addr, u8 len)
  27          {
  28   1              while(len > 0)
  29   1              {
  30   2                      do{
  31   3                              I2CStart();
  32   3                              if(I2CWrite(0x50<<1))
  33   3                              {
  34   4                                      break;
  35   4                              }
  36   3                              I2CStop();
  37   3                      }while(1);
  38   2                      I2CWrite(addr);
  39   2                      while(len > 0)
  40   2                      {
  41   3                              I2CWrite(*buf++);
  42   3                              len--;
  43   3                              addr++;
  44   3                              if((addr & 0x07) == 0)
  45   3                              {
  46   4                                      break;
  47   4                              }       
  48   3                      }
  49   2                      I2CStop();
  50   2              }
  51   1      }
  52          


C51 COMPILER V9.02   EEPROM                                                                03/31/2018 12:10:54 PAGE 2   

MODULE INFORMATION:   STATIC OVERLAYABLE
   CODE SIZE        =    197    ----
   CONSTANT SIZE    =   ----    ----
   XDATA SIZE       =   ----    ----
   PDATA SIZE       =   ----      10
   DATA SIZE        =   ----    ----
   IDATA SIZE       =   ----    ----
   BIT SIZE         =   ----    ----
END OF MODULE INFORMATION.


C51 COMPILATION COMPLETE.  0 WARNING(S),  0 ERROR(S)
