C51 COMPILER V9.02   I2C                                                                   05/21/2018 21:49:57 PAGE 1   


C51 COMPILER V9.02, COMPILATION OF MODULE I2C
OBJECT MODULE PLACED IN .\Objects\i2c.obj
COMPILER INVOKED BY: F:\KEIL4\C51\BIN\C51.EXE ..\source\i2c.c COMPACT OPTIMIZE(8,SPEED) BROWSE DEBUG OBJECTEXTEND PRINT(
                    -.\Listings\i2c.lst) OBJECT(.\Objects\i2c.obj)

line level    source

   1          #include "config.h"
   2          
   3          #define I2CDelay() Delay5us()
   4          
   5          void Delay5us()         //@11.0592MHz
   6          {
   7   1              unsigned char i;
   8   1      
   9   1              _nop_();
  10   1              i = 11;
  11   1              while (--i);
  12   1      }
  13          
  14          void I2CStart()
  15          {
  16   1              I2C_SCL = 1;
  17   1              I2C_SDA = 1;
  18   1              I2CDelay();     
  19   1              I2C_SDA = 0;
  20   1              I2CDelay();
  21   1              I2C_SCL = 0;
  22   1              I2CDelay();
  23   1      }       
  24          
  25          void I2CStop()
  26          {
  27   1              I2C_SCL = 0;
  28   1              I2C_SDA = 0;
  29   1              I2CDelay();
  30   1              I2C_SCL = 1;
  31   1              I2CDelay();
  32   1              I2C_SDA = 1;
  33   1              I2CDelay();     
  34   1      }
  35          
  36          bit I2CWrite(u8 dat)
  37          {
  38   1              bit ack;
  39   1              u8 mask;
  40   1              
  41   1              for(mask=0x80; mask!=0; mask>>=1)
  42   1              {       
  43   2                      if(dat&mask)
  44   2                      {
  45   3                              I2C_SDA = 1;
  46   3                      }
  47   2                      else
  48   2                      {
  49   3                              I2C_SDA = 0;
  50   3                      }
  51   2                      I2CDelay();
  52   2                      I2C_SCL = 1;
  53   2                      I2CDelay();
  54   2                      I2C_SCL = 0;
C51 COMPILER V9.02   I2C                                                                   05/21/2018 21:49:57 PAGE 2   

  55   2                      I2CDelay();
  56   2              }
  57   1              I2C_SDA = 1;
  58   1              I2CDelay();
  59   1              I2C_SCL = 1;
  60   1              ack = I2C_SDA;
  61   1              I2CDelay();
  62   1              I2C_SCL = 0;
  63   1              I2CDelay();
  64   1              
  65   1              return ~ack;    
  66   1      }
  67          
  68          u8 I2CReadACK()
  69          {
  70   1              u8 mask, dat=0;
  71   1      
  72   1              I2C_SDA = 1;
  73   1              I2CDelay();
  74   1              for(mask=0x80; mask!=0; mask>>=1)
  75   1              {
  76   2                      I2C_SCL = 1;
  77   2                      I2CDelay();
  78   2                      if(I2C_SDA)
  79   2                      {
  80   3                              dat |= mask;
  81   3                      }
  82   2                      I2C_SCL = 0;
  83   2                      I2CDelay();     
  84   2              }
  85   1              I2C_SDA = 0;
  86   1              I2CDelay();
  87   1              I2C_SCL = 1;
  88   1              I2CDelay();
  89   1              I2C_SCL = 0;
  90   1              I2CDelay();
  91   1      
  92   1              return dat;
  93   1      }
  94          
  95          u8 I2CReadNAK()
  96          {
  97   1              u8 mask, dat=0;
  98   1      
  99   1              I2C_SDA = 1;
 100   1              I2CDelay();
 101   1              for(mask=0x80; mask!=0; mask>>=1)
 102   1              {
 103   2                      I2C_SCL = 1;
 104   2                      I2CDelay();
 105   2                      if(I2C_SDA)
 106   2                      {
 107   3                              dat |= mask;
 108   3                      }
 109   2                      I2C_SCL = 0;
 110   2                      I2CDelay();     
 111   2              }
 112   1              I2C_SDA = 1;
 113   1              I2CDelay();
 114   1              I2C_SCL = 1;
 115   1              I2CDelay();
 116   1              I2C_SCL = 0;
C51 COMPILER V9.02   I2C                                                                   05/21/2018 21:49:57 PAGE 3   

 117   1              I2CDelay();
 118   1      
 119   1              return dat;
 120   1      }
 121          


MODULE INFORMATION:   STATIC OVERLAYABLE
   CODE SIZE        =    175    ----
   CONSTANT SIZE    =   ----    ----
   XDATA SIZE       =   ----    ----
   PDATA SIZE       =   ----    ----
   DATA SIZE        =   ----    ----
   IDATA SIZE       =   ----    ----
   BIT SIZE         =   ----       1
END OF MODULE INFORMATION.


C51 COMPILATION COMPLETE.  0 WARNING(S),  0 ERROR(S)
