C51 COMPILER V9.02   KEYBOARD                                                              03/31/2018 10:37:23 PAGE 1   


C51 COMPILER V9.02, COMPILATION OF MODULE KEYBOARD
OBJECT MODULE PLACED IN ..\output\keyboard.obj
COMPILER INVOKED BY: F:\KEIL4\C51\BIN\C51.EXE ..\source\keyboard.c COMPACT BROWSE DEBUG OBJECTEXTEND PRINT(..\output\key
                    -board.lst) OBJECT(..\output\keyboard.obj)

line level    source

   1          #include "config.h"
   2          #include "time.h"
   3          
   4          u8 KeySta[4][4] = {
   5                  {1, 1, 1, 1}, {1, 1, 1, 1}, {1, 1, 1, 1}, {1, 1, 1, 1}
   6          };
   7          u8 KeyCodeMap[4][4] = {
   8                  {'1', '2', '3', 0x19},
   9                  {'4', '5', '6', 0x18},
  10                  {'7', '8', '9', 0x17},
  11                  {'0', 0x1B, 0x0D, 0x16}
  12          };      
  13          
  14          void KeyDriver()
  15          {
  16   1              u8 i, j;
  17   1              static u8 backup[4][4] = {
  18   1                      {1, 1, 1, 1}, {1, 1, 1, 1}, {1, 1, 1, 1}, {1, 1, 1, 1}
  19   1              };
  20   1              
  21   1              for(i=0; i<4; i++)
  22   1              {
  23   2                      for(j=0; j<4; j++)
  24   2                      {
  25   3                              if(backup[i][j] != KeySta[i][j])
  26   3                              {       
  27   4                                      if(backup[i][j] != 0)
  28   4                                      {
  29   5                                              KeyAction(KeyCodeMap[i][j]);
  30   5                                      }
  31   4                              }
  32   3                              backup[i][j] = KeySta[i][j];
  33   3                      }
  34   2              } 
  35   1      }
  36          
  37          void KeyScan()
  38          {
  39   1              u8 i;
  40   1              static u8 keyout = 0;
  41   1              static u8 keybuff[4][4] = {
  42   1                      {0xFF, 0xFF, 0xFF, 0xFF}, {0xFF, 0xFF, 0xFF, 0xFF}, 
  43   1                      {0xFF, 0xFF, 0xFF, 0xFF}, {0xFF, 0xFF, 0xFF, 0xFF}
  44   1              };
  45   1              
  46   1              switch(keyout)
  47   1              {
  48   2                      case 0: KEY_OUT_1 = 0; KEY_OUT_4 = 1; break;
  49   2                      case 1: KEY_OUT_2 = 0; KEY_OUT_1 = 1; break;
  50   2                      case 2: KEY_OUT_3 = 0; KEY_OUT_2 = 1; break;
  51   2                      case 3: KEY_OUT_4 = 0; KEY_OUT_3 = 1; break;
  52   2                      default: break; 
  53   2              } 
  54   1      
C51 COMPILER V9.02   KEYBOARD                                                              03/31/2018 10:37:23 PAGE 2   

  55   1              keybuff[keyout][0] = (keybuff[keyout][0] << 1) | KEY_IN_1;
  56   1              keybuff[keyout][1] = (keybuff[keyout][1] << 1) | KEY_IN_2;
  57   1              keybuff[keyout][2] = (keybuff[keyout][2] << 1) | KEY_IN_3;
  58   1              keybuff[keyout][3] = (keybuff[keyout][3] << 1) | KEY_IN_4;
  59   1      
  60   1              for(i=0; i<4; i++)
  61   1              {
  62   2                      if((keybuff[keyout][i]&0x0F) == 0x0F)
  63   2                      {
  64   3                              KeySta[keyout][i] = 1;
  65   3                      }
  66   2                      else if((keybuff[keyout][i]&0x0F) == 0x00)
  67   2                      {
  68   3                              KeySta[keyout][i] = 0;
  69   3                      }
  70   2                      else
  71   2                      {}
  72   2              }
  73   1      
  74   1              keyout++;
  75   1              keyout &= 0x03;
  76   1      }


MODULE INFORMATION:   STATIC OVERLAYABLE
   CODE SIZE        =    340    ----
   CONSTANT SIZE    =   ----    ----
   XDATA SIZE       =   ----    ----
   PDATA SIZE       =     65       2
   DATA SIZE        =   ----    ----
   IDATA SIZE       =   ----    ----
   BIT SIZE         =   ----    ----
END OF MODULE INFORMATION.


C51 COMPILATION COMPLETE.  0 WARNING(S),  0 ERROR(S)
